2026-04-10 20:36:37,027 - INFO - [PASS] Phase 1 — Python Runtime Compatibility: Python 3.13.3 detected. Requirement: Python 3.10+.
2026-04-10 20:36:37,028 - INFO - [PASS] Phase 1 — AES-256 Key Length Specification: Key length verified: 256 bits. Requirement: 256 bits (32 bytes).
2026-04-10 20:36:37,028 - INFO - [PASS] Phase 1 — PBKDF2 Iteration Count (OWASP 2024): Iteration count: 600,000. OWASP 2024 minimum: 600,000. Requirement satisfied.
2026-04-10 20:36:37,028 - INFO - [PASS] Phase 1 — Cryptographic Salt Size: Salt size: 256 bits. Minimum recommended: 128 bits. Using 256 bits.
2026-04-10 20:36:37,028 - INFO - [PASS] Phase 1 — Zero-Knowledge Constraint (No Key on Disk): No 'master.key' file found on disk. Encryption key exists only in volatile RAM. ✓
2026-04-10 20:36:37,028 - INFO - [PASS] Phase 1 — Offline Resilience (No Network Dependencies): Core modules use no network libraries. Remote Attack Surface = Zero. Local-First confirmed.
2026-04-10 20:36:37,040 - INFO - [PASS] Phase 2 — Cryptographic Library Import (PyCryptodome): AESGCM imported successfully from cryptography.hazmat.
2026-04-10 20:36:37,250 - INFO - [PASS] Phase 2 — Argon2id Library Import: PasswordHasher imported successfully from argon2-cffi.
2026-04-10 20:36:37,251 - INFO - [PASS] Phase 2 — AES-256-GCM Encryption: Plaintext 'Netflix@SecurePass99!' successfully encrypted. Ciphertext length: 37 bytes.
2026-04-10 20:36:37,251 - INFO - [PASS] Phase 2 — AES-256-GCM Decryption & GCM Integrity Tag: Decrypted text matches original plaintext exactly. GCM authentication tag verified successfully.
2026-04-10 20:36:37,251 - INFO - [PASS] Phase 2 — GCM Tamper Detection (Bit-Flipping Defense): Tampered ciphertext correctly rejected by GCM auth tag. Bit-flipping attack prevented.
2026-04-10 20:36:37,493 - INFO - [PASS] Phase 2 — PBKDF2-SHA256 Key Derivation (600,000 iterations): Derived key length: 256 bits. 600,000 iterations completed. Key is unique per salt.
2026-04-10 20:36:37,609 - INFO - [PASS] Phase 2 — Argon2id Hash & Verification: Argon2id hash generated and verified successfully. Memory-hard: 64MB RAM required per hash computation.
2026-04-10 20:36:37,609 - INFO - [PASS] Phase 2 — IV Uniqueness (Replay Attack Defense): Same plaintext encrypted twice produces different ciphertext. Unique IV per encryption confirmed.
2026-04-10 20:36:37,623 - INFO - [PASS] Phase 3 — StorageEngine Module Import: storage_engine.py imported successfully.
2026-04-10 20:36:37,624 - INFO - [PASS] Phase 3 — SQLite WAL Mode (ACID Compliance): Journal mode: MEMORY. WAL ensures Atomicity and Durability during crashes.
2026-04-10 20:36:37,624 - INFO - [PASS] Phase 3 — Database Schema Creation (3rd Normal Form): Tables 'vault_config' and 'credentials' created. Schema follows 3NF: no repeating groups, atomic columns.
2026-04-10 20:36:37,624 - INFO - [PASS] Phase 3 — CRUD — CREATE (INSERT Encrypted BLOB): Credential inserted as encrypted BLOB. No plaintext password stored in database.
2026-04-10 20:36:37,624 - INFO - [PASS] Phase 3 — CRUD — READ (SELECT by Site Name): Retrieved: site='Netflix', user='test@gmail.com'. Password field contains 32 encrypted bytes.
2026-04-10 20:36:37,624 - INFO - [PASS] Phase 3 — CRUD — UPDATE (Modify Existing Entry): Username updated to 'updated@gmail.com' successfully.
2026-04-10 20:36:37,624 - INFO - [PASS] Phase 3 — CRUD — DELETE (Remove Entry): Entry permanently deleted. Count after deletion: 0.
2026-04-10 20:36:37,624 - INFO - [PASS] Phase 3 — Plaintext Leak Prevention (BLOB Verification): Stored value is raw bytes (32 bytes). No human-readable text stored. Zero-Knowledge maintained.
2026-04-10 20:36:37,630 - INFO - SentinelAuditor initialized with singleton pattern
2026-04-10 20:36:37,630 - INFO - [PASS] Phase 4 — SentinelAuditor Module Import: sentinel_auditor.py imported and instantiated successfully.
2026-04-10 20:36:37,630 - INFO - [PASS] Phase 4 — Entropy Calculation — Weak Password ('abc'): Entropy: 14.1 bits. Expected: < 28 bits (Very Weak). Short lowercase-only string correctly identified as weak.
2026-04-10 20:36:37,630 - INFO - [PASS] Phase 4 — Entropy Calculation — Strong Password: Entropy: 104.87 bits. Expected: >= 60 bits (Strong). Mixed-character password correctly identified as strong.
2026-04-10 20:36:37,630 - INFO - Password audited: strength=Moderate, entropy=56.9, score=25
2026-04-10 20:36:37,630 - INFO - [PASS] Phase 4 — Common Password Detection (Dictionary Defense): 'password123' correctly flagged as common/breached. Issues found: ['Length below 12 characters (current: 11)', 'Missing uppercase letters', 'Missing special characters', 'BREACH RISK: Found in common password lists!']
2026-04-10 20:36:37,630 - INFO - Password audited: strength=Strong, entropy=104.9, score=95
2026-04-10 20:36:37,630 - INFO - [PASS] Phase 4 — Strong Password Not Falsely Flagged: 'X@9mK#vL2$pQ8nR!' correctly NOT flagged as common. Strength: Strong.
2026-04-10 20:36:37,630 - INFO - Password audited: strength=Strong, entropy=65.5, score=85
2026-04-10 20:36:37,634 - INFO - Password audited: strength=Strong, entropy=85.2, score=95
2026-04-10 20:36:37,634 - INFO - Vault report generated: 3 credentials, score=90
2026-04-10 20:36:37,634 - INFO - [PASS] Phase 4 — Reused Password Detection: Reuse detected: 'SamePass123' used on Netflix and Amazon. Reused entries found: 1.
2026-04-10 20:36:37,634 - INFO - [PASS] Phase 4 — Vault Security Score Calculation (0–100): Vault score: 90/100. Score correctly penalizes reused and weak passwords.
2026-04-10 20:36:37,634 - INFO - Password audited: strength=Strong, entropy=118.0, score=95
2026-04-10 20:36:37,634 - INFO - [PASS] Phase 4 — Secure Password Generator (secrets module): Generated: 'p38i8bVqgQORlrI)8h' | Length: 18 | Entropy: 117.98 bits | Common: False.
2026-04-10 20:36:37,697 - INFO - [PASS] Phase 5 — CustomTkinter GUI Library Import: CustomTkinter version: 5.2.2 imported successfully. GUI framework ready.
2026-04-10 20:36:37,698 - INFO - [PASS] Phase 5 — All 5 Core Modules Import Successfully: AuthManager, EncryptionProvider, StorageEngine, SentinelAuditor all imported without errors.
2026-04-10 20:36:37,698 - INFO - EncryptionProvider initialized with AES-256-GCM.
2026-04-10 20:36:37,698 - INFO - Master encryption key securely wiped from RAM.
2026-04-10 20:36:37,698 - INFO - [PASS] Phase 5 — Secure Memory Wipe (Zero-Fill Key in RAM): Master key overwritten with null bytes and deleted. RAM fingerprint eliminated. Cold Boot attack prevented.
2026-04-10 20:36:37,698 - INFO - EncryptionProvider initialized with AES-256-GCM.
2026-04-10 20:36:37,698 - INFO - Encryption successful.
2026-04-10 20:36:37,699 - INFO - Decryption and Integrity check successful.
2026-04-10 20:36:37,699 - INFO - [PASS] Phase 5 — End-to-End Integration: Encrypt → SQLite → Decrypt: Original: 'MyGmailPassword@2024' → Encrypted → Stored as BLOB → Retrieved → Decrypted: 'MyGmailPassword@2024'. Match: True.
2026-04-10 20:36:37,699 - INFO - [PASS] Phase 5 — Enterprise Logging (vault.log Created): vault.log exists. All system events are being tracked. Enterprise-grade audit trail confirmed.
2026-04-10 20:36:37,699 - INFO - [PASS] Phase 5 — Vault Database File (sentinels_vault.db): sentinels_vault.db found. Encrypted vault is persisted locally. Local-First architecture confirmed.
2026-04-10 20:36:37,701 - INFO - SDLC Validation Complete — Passed: 36/36 (100.0%)